<?xml version="1.0" encoding="UTF-8"?>
<!-- Generated by org.testng.reporters.JUnitReportReporter -->
<testsuite hostname="LenovoThinkpad" failures="0" tests="1" name="Selenium_1.Assignment_8" time="1.606" errors="0" timestamp="2023-12-18T15:02:51 IST" skipped="0">
  <testcase classname="Selenium_1.Assignment_8" name="signUp" time="1.606"/>
  <system-out/>
</testsuite> <!-- Selenium_1.Assignment_8 -->
