<?xml version="1.0" encoding="UTF-8"?>
<!-- Generated by org.testng.reporters.JUnitReportReporter -->
<testsuite hostname="LenovoThinkpad" failures="0" tests="1" name="Selenium_1.Project_1" time="4.310" errors="0" timestamp="2024-01-05T18:23:48 IST" skipped="0">
  <testcase classname="Selenium_1.Project_1" name="logged_in" time="4.310"/>
  <system-out/>
</testsuite> <!-- Selenium_1.Project_1 -->
