<?xml version="1.0" encoding="UTF-8"?>
<!-- Generated by org.testng.reporters.JUnitReportReporter -->
<testsuite hostname="LenovoThinkpad" failures="0" tests="9" name="Selenium_1.Project_1_M" time="45.605" errors="0" timestamp="2024-01-12T00:01:49 IST" skipped="0">
  <testcase classname="Selenium_1.Project_1_M" name="Setup" time="2.193"/>
  <system-out/>
  <testcase classname="Selenium_1.Project_1_M" name="login_test" time="7.369"/>
  <system-out/>
  <testcase classname="Selenium_1.Project_1_M" name="basket" time="9.154"/>
  <system-out/>
  <testcase classname="Selenium_1.Project_1_M" name="view_cart" time="0.072"/>
  <system-out/>
  <testcase classname="Selenium_1.Project_1_M" name="check_out" time="0.073"/>
  <system-out/>
  <testcase classname="Selenium_1.Project_1_M" name="address" time="12.438"/>
  <system-out/>
  <testcase classname="Selenium_1.Project_1_M" name="place_order" time="5.073"/>
  <system-out/>
  <testcase classname="Selenium_1.Project_1_M" name="backhome" time="9.077"/>
  <system-out/>
  <testcase classname="Selenium_1.Project_1_M" name="closed" time="0.156"/>
  <system-out/>
</testsuite> <!-- Selenium_1.Project_1_M -->
