<?xml version="1.0" encoding="UTF-8"?>
<!-- Generated by org.testng.reporters.JUnitReportReporter -->
<testsuite hostname="LenovoThinkpad" failures="0" tests="1" name="Selenium_1.Assignment_9" time="1.580" errors="0" timestamp="2023-12-18T15:03:54 IST" skipped="0">
  <testcase classname="Selenium_1.Assignment_9" name="signUp" time="1.580"/>
  <system-out/>
</testsuite> <!-- Selenium_1.Assignment_9 -->
